===== Pressure Test Started ===== 
Base URL: http://localhost:8080 
 
[1] Cart Add Test 

Summary:
  Total:	30.0050 secs
  Slowest:	0.0395 secs
  Fastest:	0.0026 secs
  Average:	0.0058 secs
  Requests/sec:	3474.6501
  
  Total data:	5838392 bytes
  Size/request:	56 bytes

Response time histogram:
  0.003 [1]	|
  0.006 [71937]	|■■■■■■■■■■■■■■■■■■■■■■■■■■■■■■■■■■■■■■■■
  0.010 [30479]	|■■■■■■■■■■■■■■■■■
  0.014 [1386]	|■
  0.017 [274]	|
  0.021 [44]	|
  0.025 [77]	|
  0.028 [30]	|
  0.032 [22]	|
  0.036 [0]	|
  0.040 [7]	|


Latency distribution:
  10%% in 0.0040 secs
  25%% in 0.0046 secs
  50%% in 0.0056 secs
  75%% in 0.0065 secs
  90%% in 0.0074 secs
  95%% in 0.0081 secs
  99%% in 0.0117 secs

Details (average, fastest, slowest):
  DNS+dialup:	0.0000 secs, 0.0000 secs, 0.0167 secs
  DNS-lookup:	0.0000 secs, 0.0000 secs, 0.0157 secs
  req write:	0.0000 secs, 0.0000 secs, 0.0009 secs
  resp wait:	0.0057 secs, 0.0025 secs, 0.0395 secs
  resp read:	0.0000 secs, 0.0000 secs, 0.0010 secs

Status code distribution:
  [200]	104257 responses



 
[2] Order Create Test 

Summary:
  Total:	40.0400 secs
  Slowest:	0.0000 secs
  Fastest:	0.0000 secs
  Average:	 NaN secs
  Requests/sec:	1.4985
  

Response time histogram:


Latency distribution:

Details (average, fastest, slowest):
  DNS+dialup:	 NaN secs, 0.0000 secs, 0.0000 secs
  DNS-lookup:	 NaN secs, 0.0000 secs, 0.0000 secs
  req write:	 NaN secs, 0.0000 secs, 0.0000 secs
  resp wait:	 NaN secs, 0.0000 secs, 0.0000 secs
  resp read:	 NaN secs, 0.0000 secs, 0.0000 secs

Status code distribution:

Error distribution:
  [60]	Post "http://localhost:8080/order/create": context deadline exceeded (Client.Timeout exceeded while awaiting headers)

 
[3] Order List Test 

Summary:
  Total:	30.0209 secs
  Slowest:	0.1905 secs
  Fastest:	0.0007 secs
  Average:	0.0119 secs
  Requests/sec:	4179.1194
  
  Total data:	38641988 bytes
  Size/request:	308 bytes

Response time histogram:
  0.001 [1]	|
  0.020 [111918]	|■■■■■■■■■■■■■■■■■■■■■■■■■■■■■■■■■■■■■■■■
  0.039 [12513]	|■■■■
  0.058 [658]	|
  0.077 [164]	|
  0.096 [83]	|
  0.115 [74]	|
  0.134 [16]	|
  0.153 [8]	|
  0.172 [6]	|
  0.190 [20]	|


Latency distribution:
  10%% in 0.0044 secs
  25%% in 0.0071 secs
  50%% in 0.0106 secs
  75%% in 0.0150 secs
  90%% in 0.0201 secs
  95%% in 0.0241 secs
  99%% in 0.0362 secs

Details (average, fastest, slowest):
  DNS+dialup:	0.0000 secs, 0.0000 secs, 0.0928 secs
  DNS-lookup:	0.0000 secs, 0.0000 secs, 0.0733 secs
  req write:	0.0000 secs, 0.0000 secs, 0.0778 secs
  resp wait:	0.0115 secs, 0.0006 secs, 0.1431 secs
  resp read:	0.0003 secs, 0.0000 secs, 0.1276 secs

Status code distribution:
  [200]	125461 responses



 
[4] Product List Test 

Summary:
  Total:	30.0226 secs
  Slowest:	0.2214 secs
  Fastest:	0.0006 secs
  Average:	0.0154 secs
  Requests/sec:	6478.2894
  

Response time histogram:
  0.001 [1]	|
  0.023 [166263]	|■■■■■■■■■■■■■■■■■■■■■■■■■■■■■■■■■■■■■■■■
  0.045 [25868]	|■■■■■■
  0.067 [1016]	|
  0.089 [456]	|
  0.111 [252]	|
  0.133 [265]	|
  0.155 [92]	|
  0.177 [183]	|
  0.199 [65]	|
  0.221 [34]	|


Latency distribution:
  10%% in 0.0055 secs
  25%% in 0.0094 secs
  50%% in 0.0138 secs
  75%% in 0.0188 secs
  90%% in 0.0252 secs
  95%% in 0.0296 secs
  99%% in 0.0499 secs

Details (average, fastest, slowest):
  DNS+dialup:	0.0000 secs, 0.0000 secs, 0.0442 secs
  DNS-lookup:	0.0000 secs, 0.0000 secs, 0.0408 secs
  req write:	0.0001 secs, 0.0000 secs, 0.1261 secs
  resp wait:	0.0140 secs, 0.0005 secs, 0.1545 secs
  resp read:	0.0012 secs, 0.0000 secs, 0.1611 secs

Status code distribution:
  [200]	194495 responses



 
